2025-12-06 11:48:35:4835 [32minfo[39m: [32mserver listening on http://localhost3001[39m
2025-12-06 11:48:45:4845 [32minfo[39m: [32mserver listening on http://localhost3001[39m
2025-12-06 11:48:58:4858 [31merror[39m: [31mserver listening on http://localhost3001[39m
2025-12-06 11:49:06:496 [37mdebug[39m: [37mserver listening on http://localhost3001[39m
2025-12-06 11:49:19:4919 [33mwarn[39m: [33mserver listening on http://localhost3001[39m
2025-12-06 11:49:24:4924 [32minfo[39m: [32mserver listening on http://localhost3001[39m
2025-12-06 11:56:57:5657 [32minfo[39m: [32mserver listening on http://localhost3001[39m
2025-12-11 13:49:30:4930 [31merror[39m: [31mdb connection failed with Error: querySrv ETIMEOUT _mongodb._tcp.cluster0.w7m5lan.mongodb.net[39m
2025-12-11 13:49:30:4930 [32minfo[39m: [32mserver listening on http://localhost3001[39m
2025-12-11 13:54:59:5459 [31merror[39m: [31mdb connection failed with MongooseServerSelectionError: Could not connect to any servers in your MongoDB Atlas cluster. One common reason is that you're trying to access the database from an IP that isn't whitelisted. Make sure your current IP address is on your Atlas cluster's IP whitelist: https://www.mongodb.com/docs/atlas/security-whitelist/[39m
2025-12-11 13:54:59:5459 [32minfo[39m: [32mserver listening on http://localhost3001[39m
2025-12-11 14:13:06:136 [31merror[39m: [31mdb connection failed with MongooseServerSelectionError: Could not connect to any servers in your MongoDB Atlas cluster. One common reason is that you're trying to access the database from an IP that isn't whitelisted. Make sure your current IP address is on your Atlas cluster's IP whitelist: https://www.mongodb.com/docs/atlas/security-whitelist/[39m
2025-12-11 14:13:06:136 [32minfo[39m: [32mserver listening on http://localhost3001[39m
2025-12-11 14:29:38:2938 [31merror[39m: [31mdb connection failed with Error: querySrv ETIMEOUT _mongodb._tcp.cluster0.w7m5lan.mongodb.net[39m
2025-12-11 14:29:38:2938 [32minfo[39m: [32mserver listening on http://localhost3001[39m
2025-12-11 15:21:43:2143 [32minfo[39m: [32mdb connection successful[39m
2025-12-11 15:21:43:2143 [32minfo[39m: [32mserver listening on http://localhost3001[39m
2025-12-11 15:36:06:366 [31merror[39m: [31mdb connection failed with MongooseServerSelectionError: Could not connect to any servers in your MongoDB Atlas cluster. One common reason is that you're trying to access the database from an IP that isn't whitelisted. Make sure your current IP address is on your Atlas cluster's IP whitelist: https://www.mongodb.com/docs/atlas/security-whitelist/[39m
2025-12-11 15:36:06:366 [32minfo[39m: [32mserver listening on http://localhost3001[39m
2025-12-11 15:37:03:373 [31merror[39m: [31mdb connection failed with MongooseServerSelectionError: Could not connect to any servers in your MongoDB Atlas cluster. One common reason is that you're trying to access the database from an IP that isn't whitelisted. Make sure your current IP address is on your Atlas cluster's IP whitelist: https://www.mongodb.com/docs/atlas/security-whitelist/[39m
2025-12-11 15:37:03:373 [32minfo[39m: [32mserver listening on http://localhost3001[39m
2025-12-11 15:41:20:4120 [31merror[39m: [31mdb connection failed with MongooseServerSelectionError: Could not connect to any servers in your MongoDB Atlas cluster. One common reason is that you're trying to access the database from an IP that isn't whitelisted. Make sure your current IP address is on your Atlas cluster's IP whitelist: https://www.mongodb.com/docs/atlas/security-whitelist/[39m
2025-12-11 15:41:20:4120 [32minfo[39m: [32mserver listening on http://localhost3001[39m
2025-12-11 15:44:00:440 [31merror[39m: [31mdb connection failed with MongooseServerSelectionError: Could not connect to any servers in your MongoDB Atlas cluster. One common reason is that you're trying to access the database from an IP that isn't whitelisted. Make sure your current IP address is on your Atlas cluster's IP whitelist: https://www.mongodb.com/docs/atlas/security-whitelist/[39m
2025-12-11 15:44:00:440 [32minfo[39m: [32mserver listening on http://localhost3001[39m
2025-12-11 15:48:51:4851 [32minfo[39m: [32mdb connection successful[39m
2025-12-11 15:48:51:4851 [32minfo[39m: [32mserver listening on http://localhost3001[39m
2025-12-11 16:19:57:1957 [31merror[39m: [31mdb connection failed with Error: querySrv ETIMEOUT _mongodb._tcp.cluster0.w7m5lan.mongodb.net[39m
2025-12-11 16:19:57:1957 [32minfo[39m: [32mserver listening on http://localhost3001[39m
2025-12-11 16:22:10:2210 [31merror[39m: [31mdb connection failed with MongooseServerSelectionError: Could not connect to any servers in your MongoDB Atlas cluster. One common reason is that you're trying to access the database from an IP that isn't whitelisted. Make sure your current IP address is on your Atlas cluster's IP whitelist: https://www.mongodb.com/docs/atlas/security-whitelist/[39m
2025-12-11 16:22:10:2210 [32minfo[39m: [32mserver listening on http://localhost3001[39m
2025-12-11 16:27:34:2734 [31merror[39m: [31mdb connection failed with MongoNetworkTimeoutError: Socket 'secureConnect' timed out after 36816ms (connectTimeoutMS: 30000)[39m
2025-12-11 16:27:34:2734 [32minfo[39m: [32mserver listening on http://localhost3001[39m
2025-12-11 16:30:01:301 [31merror[39m: [31mdb connection failed with MongooseServerSelectionError: Could not connect to any servers in your MongoDB Atlas cluster. One common reason is that you're trying to access the database from an IP that isn't whitelisted. Make sure your current IP address is on your Atlas cluster's IP whitelist: https://www.mongodb.com/docs/atlas/security-whitelist/[39m
2025-12-11 16:30:01:301 [32minfo[39m: [32mserver listening on http://localhost3001[39m
2025-12-11 16:32:38:3238 [31merror[39m: [31mdb connection failed with MongooseServerSelectionError: getaddrinfo EAI_AGAIN ac-xife2cw-shard-00-02.w7m5lan.mongodb.net[39m
2025-12-11 16:32:38:3238 [32minfo[39m: [32mserver listening on http://localhost3001[39m
2025-12-11 16:34:59:3459 [31merror[39m: [31mdb connection failed with MongooseServerSelectionError: Could not connect to any servers in your MongoDB Atlas cluster. One common reason is that you're trying to access the database from an IP that isn't whitelisted. Make sure your current IP address is on your Atlas cluster's IP whitelist: https://www.mongodb.com/docs/atlas/security-whitelist/[39m
2025-12-11 16:34:59:3459 [32minfo[39m: [32mserver listening on http://localhost3001[39m
2025-12-11 16:35:56:3556 [31merror[39m: [31mdb connection failed with Error: querySrv ETIMEOUT _mongodb._tcp.cluster0.w7m5lan.mongodb.net[39m
2025-12-11 16:35:56:3556 [32minfo[39m: [32mserver listening on http://localhost3001[39m
2025-12-11 16:36:46:3646 [32minfo[39m: [32mdb connection successful[39m
2025-12-11 16:36:47:3647 [32minfo[39m: [32mserver listening on http://localhost3001[39m
2025-12-11 16:38:18:3818 [32minfo[39m: [32mdb connection successful[39m
2025-12-11 16:38:18:3818 [32minfo[39m: [32mserver listening on http://localhost3001[39m
2025-12-11 16:38:46:3846 [32minfo[39m: [32memail sent[39m
2025-12-11 16:38:46:3846 [32minfo[39m: [32mreset email successfully sent for princeij56@gmail.com[39m
2025-12-11 16:40:38:4038 [32minfo[39m: [32mdb connection successful[39m
2025-12-11 16:40:38:4038 [32minfo[39m: [32mserver listening on http://localhost3001[39m
2025-12-11 16:40:44:4044 [32minfo[39m: [32mdb connection successful[39m
2025-12-11 16:40:44:4044 [32minfo[39m: [32mserver listening on http://localhost3001[39m
2025-12-11 16:40:50:4050 [32minfo[39m: [32mdb connection successful[39m
2025-12-11 16:40:50:4050 [32minfo[39m: [32mserver listening on http://localhost3001[39m
2025-12-11 16:41:26:4126 [32minfo[39m: [32mdb connection successful[39m
2025-12-11 16:41:26:4126 [32minfo[39m: [32mserver listening on http://localhost3001[39m
2025-12-11 16:45:22:4522 [32minfo[39m: [32mdb connection successful[39m
2025-12-11 16:45:22:4522 [32minfo[39m: [32mserver listening on http://localhost3001[39m
2025-12-11 16:46:12:4612 [32minfo[39m: [32mdb connection successful[39m
2025-12-11 16:46:12:4612 [32minfo[39m: [32mserver listening on http://localhost3001[39m
2025-12-11 16:47:18:4718 [32minfo[39m: [32mdb connection successful[39m
2025-12-11 16:47:18:4718 [32minfo[39m: [32mserver listening on http://localhost3001[39m
2025-12-11 16:49:02:492 [32minfo[39m: [32memail sent[39m
2025-12-11 16:49:02:492 [32minfo[39m: [32mreset email successfully sent for princeij56@gmail.com[39m
2025-12-11 16:50:19:5019 [32minfo[39m: [32mdb connection successful[39m
2025-12-11 16:50:19:5019 [32minfo[39m: [32mserver listening on http://localhost3001[39m
2025-12-11 16:50:51:5051 [32minfo[39m: [32mdb connection successful[39m
2025-12-11 16:50:51:5051 [32minfo[39m: [32mserver listening on http://localhost3001[39m
2025-12-11 16:52:28:5228 [32minfo[39m: [32mdb connection successful[39m
2025-12-11 16:52:28:5228 [32minfo[39m: [32mserver listening on http://localhost3001[39m
2025-12-11 16:54:04:544 [32minfo[39m: [32mverify email successfully sent for princeij56@gmail.com[39m
2025-12-11 16:55:02:552 [32minfo[39m: [32mdb connection successful[39m
2025-12-11 16:55:02:552 [32minfo[39m: [32mserver listening on http://localhost3001[39m
2025-12-11 16:58:45:5845 [32minfo[39m: [32mdb connection successful[39m
2025-12-11 16:58:45:5845 [32minfo[39m: [32mserver listening on http://localhost3001[39m
2025-12-11 16:59:27:5927 [32minfo[39m: [32mreset email successfully sent for princeij56@gmail.com[39m
2025-12-11 17:06:26:626 [32minfo[39m: [32mdb connection successful[39m
2025-12-11 17:06:26:626 [32minfo[39m: [32mserver listening on http://localhost3001[39m
2025-12-11 17:07:08:78 [32minfo[39m: [32mdb connection successful[39m
2025-12-11 17:07:08:78 [32minfo[39m: [32mserver listening on http://localhost3001[39m
2025-12-11 17:08:22:822 [32minfo[39m: [32mdb connection successful[39m
2025-12-11 17:08:22:822 [32minfo[39m: [32mserver listening on http://localhost3001[39m
2025-12-11 17:11:28:1128 [32minfo[39m: [32mdb connection successful[39m
2025-12-11 17:11:28:1128 [32minfo[39m: [32mserver listening on http://localhost3001[39m
2025-12-12 14:13:26:1326 [32minfo[39m: [32mserver listening on http://localhost3001[39m
2025-12-12 14:21:49:2149 - [31merror[39m: - [31mdb connection failed with MongoNetworkError: getaddrinfo EAI_AGAIN ac-xife2cw-shard-00-02.w7m5lan.mongodb.net[39m
2025-12-12 14:21:49:2149 - [32minfo[39m: - [32mserver listening on http://localhost3001[39m
2025-12-12 14:22:13:2213 - [32minfo[39m: - [32mdb connection successful[39m
2025-12-12 14:22:13:2213 - [32minfo[39m: - [32mserver listening on http://localhost3001[39m
2025-12-12 14:25:11:2511 - [32minfo[39m: - [32mverify email successfully sent for aminuibrahimthefifth@gmail.com[39m
2025-12-12 14:30:27:3027 - [32minfo[39m: - [32mdb connection successful[39m
2025-12-12 14:30:27:3027 - [32minfo[39m: - [32mserver listening on http://localhost3001[39m
2025-12-12 14:30:46:3046 - [32minfo[39m: - [32mdb connection successful[39m
2025-12-12 14:30:46:3046 - [32minfo[39m: - [32mserver listening on http://localhost3001[39m
2025-12-12 14:30:55:3055 - [32minfo[39m: - [32mdb connection successful[39m
2025-12-12 14:30:55:3055 - [32minfo[39m: - [32mserver listening on http://localhost3001[39m
2025-12-12 14:33:02:332 - [32minfo[39m: - [32mdb connection successful[39m
2025-12-12 14:33:02:332 - [32minfo[39m: - [32mserver listening on http://localhost3001[39m
2025-12-12 14:37:14:3714 - [31merror[39m: - [31mdb connection failed with Error: querySrv ETIMEOUT _mongodb._tcp.cluster0.w7m5lan.mongodb.net[39m
2025-12-12 14:37:14:3714 - [32minfo[39m: - [32mserver listening on http://localhost3001[39m
2025-12-12 14:41:06:416 - [32minfo[39m: - [32mdb connection successful[39m
2025-12-12 14:41:06:416 - [32minfo[39m: - [32mserver listening on http://localhost3001[39m
2025-12-12 14:43:34:4334 - [32minfo[39m: - [32mdb connection successful[39m
2025-12-12 14:43:34:4334 - [32minfo[39m: - [32mserver listening on http://localhost3001[39m
2025-12-12 14:43:39:4339 - [32minfo[39m: - [32mdb connection successful[39m
2025-12-12 14:43:39:4339 - [32minfo[39m: - [32mserver listening on http://localhost3001[39m
2025-12-12 14:43:45:4345 - [32minfo[39m: - [32mdb connection successful[39m
2025-12-12 14:43:45:4345 - [32minfo[39m: - [32mserver listening on http://localhost3001[39m
2025-12-12 14:43:53:4353 - [32minfo[39m: - [32mdb connection successful[39m
2025-12-12 14:43:53:4353 - [32minfo[39m: - [32mserver listening on http://localhost3001[39m
2025-12-12 14:44:06:446 - [32minfo[39m: - [32mdb connection successful[39m
2025-12-12 14:44:06:446 - [32minfo[39m: - [32mserver listening on http://localhost3001[39m
2025-12-12 14:44:14:4414 - [32minfo[39m: - [32mdb connection successful[39m
2025-12-12 14:44:14:4414 - [32minfo[39m: - [32mserver listening on http://localhost3001[39m
2025-12-12 14:46:34:4634 - [32minfo[39m: - [32mdb connection successful[39m
2025-12-12 14:46:34:4634 - [32minfo[39m: - [32mserver listening on http://localhost3001[39m
2025-12-12 14:48:22:4822 - [32minfo[39m: - [32mdb connection successful[39m
2025-12-12 14:48:22:4822 - [32minfo[39m: - [32mserver listening on http://localhost3001[39m
2025-12-12 14:49:36:4936 - [32minfo[39m: - [32mdb connection successful[39m
2025-12-12 14:49:36:4936 - [32minfo[39m: - [32mserver listening on http://localhost3001[39m
2025-12-12 14:59:46:5946 - [32minfo[39m: - [32mdb connection successful[39m
2025-12-12 14:59:46:5946 - [32minfo[39m: - [32mserver listening on http://localhost3001[39m
2025-12-12 15:04:49:449 - [32minfo[39m: - [32mdb connection successful[39m
2025-12-12 15:04:49:449 - [32minfo[39m: - [32mserver listening on http://localhost3001[39m
2025-12-21 13:27:35:2735 - [32minfo[39m: - [32mdb connection successful[39m
2025-12-21 13:27:35:2735 - [32minfo[39m: - [32mserver listening on http://localhost3001[39m
2025-12-21 13:28:30:2830 - [32minfo[39m: - [32mdb connection successful[39m
2025-12-21 13:28:30:2830 - [32minfo[39m: - [32mserver listening on http://localhost3001[39m
2025-12-24 07:59:03:593 - [32minfo[39m: - [32mdb connection successful[39m
2025-12-24 07:59:03:593 - [32minfo[39m: - [32mserver listening on http://localhost3001[39m
2025-12-24 08:04:58:458 - [32minfo[39m: - [32mdb connection successful[39m
2025-12-24 08:04:58:458 - [32minfo[39m: - [32mserver listening on http://localhost3001[39m
2025-12-24 08:05:29:529 - [32minfo[39m: - [32mdb connection successful[39m
2025-12-24 08:05:29:529 - [32minfo[39m: - [32mserver listening on http://localhost3001[39m
2025-12-24 08:06:07:67 - [32minfo[39m: - [32mdb connection successful[39m
2025-12-24 08:06:07:67 - [32minfo[39m: - [32mserver listening on http://localhost3001[39m
2025-12-24 08:07:04:74 - [32minfo[39m: - [32mdb connection successful[39m
2025-12-24 08:07:04:74 - [32minfo[39m: - [32mserver listening on http://localhost3001[39m
2025-12-24 08:08:35:835 - [32minfo[39m: - [32mdb connection successful[39m
2025-12-24 08:08:35:835 - [32minfo[39m: - [32mserver listening on http://localhost3001[39m
2025-12-24 08:12:27:1227 - [32minfo[39m: - [32mdb connection successful[39m
2025-12-24 08:12:27:1227 - [32minfo[39m: - [32mserver listening on http://localhost3001[39m
2025-12-24 08:24:57:2457 - [32minfo[39m: - [32mdb connection successful[39m
2025-12-24 08:24:57:2457 - [32minfo[39m: - [32mserver listening on http://localhost3001[39m
2025-12-24 08:25:08:258 - [32minfo[39m: - [32mdb connection successful[39m
2025-12-24 08:25:08:258 - [32minfo[39m: - [32mserver listening on http://localhost3001[39m
2025-12-24 08:25:14:2514 - [32minfo[39m: - [32mdb connection successful[39m
2025-12-24 08:25:14:2514 - [32minfo[39m: - [32mserver listening on http://localhost3001[39m
2025-12-24 08:26:44:2644 - [32minfo[39m: - [32mdb connection successful[39m
2025-12-24 08:26:44:2644 - [32minfo[39m: - [32mserver listening on http://localhost3001[39m
2025-12-24 08:33:34:3334 - [32minfo[39m: - [32mdb connection successful[39m
2025-12-24 08:33:34:3334 - [32minfo[39m: - [32mserver listening on http://localhost3001[39m
2025-12-24 08:36:20:3620 - [32minfo[39m: - [32mdb connection successful[39m
2025-12-24 08:36:20:3620 - [32minfo[39m: - [32mserver listening on http://localhost3001[39m
2025-12-24 08:36:31:3631 - [32minfo[39m: - [32mdb connection successful[39m
2025-12-24 08:36:31:3631 - [32minfo[39m: - [32mserver listening on http://localhost3001[39m
2025-12-24 08:38:46:3846 - [32minfo[39m: - [32mdb connection successful[39m
2025-12-24 08:38:46:3846 - [32minfo[39m: - [32mserver listening on http://localhost3001[39m
2025-12-24 10:34:01:341 - [32minfo[39m: - [32mdb connection successful[39m
2025-12-24 10:34:01:341 - [32minfo[39m: - [32mserver listening on http://localhost3001[39m
2025-12-24 10:34:10:3410 - [32minfo[39m: - [32mdb connection successful[39m
2025-12-24 10:34:10:3410 - [32minfo[39m: - [32mserver listening on http://localhost3001[39m
2025-12-24 10:34:35:3435 - [32minfo[39m: - [32mverify email successfully sent for princeij56@gmail.com[39m
2025-12-24 12:34:49:3449 - [32minfo[39m: - [32mdb connection successful[39m
2025-12-24 12:34:49:3449 - [32minfo[39m: - [32mserver listening on http://localhost3001[39m
2025-12-24 13:55:49:5549 - [32minfo[39m: - [32mverify email successfully sent for princeij56@gmail.com[39m
2025-12-24 13:57:01:571 - [32minfo[39m: - [32mverify email successfully sent for princeij56@gmail.com[39m
2025-12-24 13:58:50:5850 - [32minfo[39m: - [32mdb connection successful[39m
2025-12-24 13:58:50:5850 - [32minfo[39m: - [32mserver listening on http://localhost3001[39m
2025-12-24 13:58:56:5856 - [32minfo[39m: - [32mdb connection successful[39m
2025-12-24 13:58:56:5856 - [32minfo[39m: - [32mserver listening on http://localhost3001[39m
2025-12-24 14:19:41:1941 - [32minfo[39m: - [32mverify email successfully sent for princeij56@gmail.com[39m
2025-12-24 14:19:48:1948 - [32minfo[39m: - [32mreset email successfully sent for princeij56@gmail.com[39m
2025-12-24 14:27:49:2749 - [32minfo[39m: - [32mdb connection successful[39m
2025-12-24 14:27:49:2749 - [32minfo[39m: - [32mserver listening on http://localhost3001[39m
2025-12-24 14:28:03:283 - [32minfo[39m: - [32mverify email successfully sent for princeij56@gmail.com[39m
2025-12-24 14:28:08:288 - [32minfo[39m: - [32mreset email successfully sent for princeij56@gmail.com[39m
2025-12-24 14:28:39:2839 - [32minfo[39m: - [32mdb connection successful[39m
2025-12-24 14:28:39:2839 - [32minfo[39m: - [32mserver listening on http://localhost3001[39m
2025-12-24 14:31:19:3119 - [32minfo[39m: - [32mverify email successfully sent for princeij56@gmail.com[39m
2025-12-24 14:31:25:3125 - [32minfo[39m: - [32mreset email successfully sent for princeij56@gmail.com[39m
2025-12-24 14:36:13:3613 - [32minfo[39m: - [32mverify email successfully sent for princeij56@gmail.com[39m
2025-12-24 14:36:19:3619 - [32minfo[39m: - [32mreset email successfully sent for princeij56@gmail.com[39m
2025-12-24 14:37:59:3759 - [32minfo[39m: - [32mverify email successfully sent for princeij56@gmail.com[39m
2025-12-24 14:38:05:385 - [32minfo[39m: - [32mreset email successfully sent for princeij56@gmail.com[39m
2025-12-24 14:41:11:4111 - [32minfo[39m: - [32mverify email successfully sent for princeij56@gmail.com[39m
2025-12-24 14:41:16:4116 - [32minfo[39m: - [32mreset email successfully sent for princeij56@gmail.com[39m
2025-12-24 14:47:40:4740 - [32minfo[39m: - [32mverify email successfully sent for princeij56@gmail.com[39m
2025-12-24 14:47:45:4745 - [32minfo[39m: - [32mreset email successfully sent for princeij56@gmail.com[39m
2025-12-25 07:17:02:172 - [32minfo[39m: - [32mdb connection successful[39m
2025-12-25 07:17:02:172 - [32minfo[39m: - [32mserver listening on http://localhost3001[39m
2025-12-25 07:17:21:1721 - [32minfo[39m: - [32mdb connection successful[39m
2025-12-25 07:17:21:1721 - [32minfo[39m: - [32mserver listening on http://localhost3001[39m
2025-12-25 07:18:17:1817 - [32minfo[39m: - [32mdb connection successful[39m
2025-12-25 07:18:17:1817 - [32minfo[39m: - [32mserver listening on http://localhost3001[39m
2025-12-25 07:30:04:304 - [31merror[39m: - [31mdb connection failed with Error: querySrv ETIMEOUT _mongodb._tcp.cluster0.w7m5lan.mongodb.net[39m
2025-12-25 07:30:04:304 - [32minfo[39m: - [32mserver listening on http://localhost3001[39m
2025-12-25 07:34:49:3449 - [32minfo[39m: - [32mdb connection successful[39m
2025-12-25 07:34:49:3449 - [32minfo[39m: - [32mserver listening on http://localhost3001[39m
2025-12-25 07:34:58:3458 - [32minfo[39m: - [32mverify email successfully sent for aminuibrahimthefifth@gmail.com[39m
